This file contains any messages produced by compilers while
running configure, to aid debugging if configure makes a mistake.

It was created by configure, which was
generated by GNU Autoconf 2.56.  Invocation command line was

  $ ./configure --with-nativewin32

## --------- ##
## Platform. ##
## --------- ##

hostname = maximus-vbox
uname -m = i686
uname -r = 1.0.10(0.46/3/2)
uname -s = MINGW32_NT-5.1
uname -v = 2004-03-15 07:17

/usr/bin/uname -p = unknown
/bin/uname -X     = unknown

/bin/arch              = unknown
/usr/bin/arch -k       = unknown
/usr/convex/getsysinfo = unknown
hostinfo               = unknown
/bin/machine           = unknown
/usr/bin/oslevel       = unknown
/bin/universe          = unknown

PATH: .
PATH: /usr/local/bin
PATH: /mingw/bin
PATH: /bin
PATH: /c/WINDOWS/system32
PATH: /c/WINDOWS
PATH: /c/WINDOWS/System32/Wbem


## ----------- ##
## Core tests. ##
## ----------- ##

configure:1329: checking build system type
configure:1347: result: i686-pc-mingw32
configure:1355: checking host system type
configure:1369: result: i686-pc-mingw32
configure:1377: checking target system type
configure:1391: result: i686-pc-mingw32
configure:1418: checking for a BSD-compatible install
configure:1472: result: /bin/install -c
configure:1483: checking whether build environment is sane
configure:1526: result: yes
configure:1559: checking for gawk
configure:1575: found /bin/gawk
configure:1585: result: gawk
configure:1595: checking whether make sets $(MAKE)
configure:1615: result: yes
configure:1817: checking for gcc
configure:1833: found /mingw/bin/gcc
configure:1843: result: gcc
configure:2087: checking for C compiler version
configure:2090: gcc --version </dev/null >&5
gcc.exe (GCC) 3.4.5 (mingw special)
Copyright (C) 2004 Free Software Foundation, Inc.
This is free software; see the source for copying conditions.  There is NO
warranty; not even for MERCHANTABILITY or FITNESS FOR A PARTICULAR PURPOSE.

configure:2093: $? = 0
configure:2095: gcc -v </dev/null >&5
Reading specs from C:/MinGW/bin/../lib/gcc/mingw32/3.4.5/specs
Configured with: ../gcc-3.4.5/configure --with-gcc --with-gnu-ld --with-gnu-as --host=mingw32 --target=mingw32 --prefix=/mingw --enable-threads --disable-nls --enable-languages=c,c++,f77,ada,objc,java --disable-win32-registry --disable-shared --enable-sjlj-exceptions --enable-libgcj --disable-java-awt --without-x --enable-java-gc=boehm --disable-libgcj-debug --enable-interpreter --enable-hash-synchronization --enable-libstdcxx-debug
Thread model: win32
gcc version 3.4.5 (mingw special)
configure:2098: $? = 0
configure:2100: gcc -V </dev/null >&5
gcc.exe: `-V' option must have argument
configure:2103: $? = 1
configure:2127: checking for C compiler default output
configure:2130: gcc    conftest.c  >&5
configure:2133: $? = 0
configure:2179: result: a.exe
configure:2184: checking whether the C compiler works
configure:2190: ./a.exe
configure:2193: $? = 0
configure:2210: result: yes
configure:2217: checking whether we are cross compiling
configure:2219: result: no
configure:2222: checking for suffix of executables
configure:2224: gcc -o conftest.exe    conftest.c  >&5
configure:2227: $? = 0
configure:2252: result: .exe
configure:2258: checking for suffix of object files
configure:2280: gcc -c   conftest.c >&5
configure:2283: $? = 0
configure:2305: result: o
configure:2309: checking whether we are using the GNU C compiler
configure:2334: gcc -c   conftest.c >&5
configure:2337: $? = 0
configure:2340: test -s conftest.o
configure:2343: $? = 0
configure:2356: result: yes
configure:2362: checking whether gcc accepts -g
configure:2384: gcc -c -g  conftest.c >&5
configure:2387: $? = 0
configure:2390: test -s conftest.o
configure:2393: $? = 0
configure:2404: result: yes
configure:2421: checking for gcc option to accept ANSI C
configure:2482: gcc  -c -g -O2  conftest.c >&5
configure:2485: $? = 0
configure:2488: test -s conftest.o
configure:2491: $? = 0
configure:2509: result: none needed
configure:2527: gcc -c -g -O2  conftest.c >&5
conftest.c:2: error: syntax error before "me"
configure:2530: $? = 1
configure: failed program was:
| #ifndef __cplusplus
|   choke me
| #endif
configure:2658: checking for style of include used by make
configure:2686: result: GNU
configure:2714: checking dependency style of gcc
configure:2776: result: gcc3
configure:2798: checking how to run the C preprocessor
configure:2828: gcc -E  conftest.c
configure:2834: $? = 0
configure:2866: gcc -E  conftest.c
configure:2867:28: ac_nonexistent.h: No such file or directory
configure:2872: $? = 1
configure: failed program was:
| #line 2857 "configure"
| /* confdefs.h.  */
| 
| #define PACKAGE_NAME ""
| #define PACKAGE_TARNAME ""
| #define PACKAGE_VERSION ""
| #define PACKAGE_STRING ""
| #define PACKAGE_BUGREPORT ""
| #define PACKAGE "fceu"
| #define VERSION "0.98.26"
| /* end confdefs.h.  */
| #include <ac_nonexistent.h>
configure:2910: result: gcc -E
configure:2929: gcc -E  conftest.c
configure:2935: $? = 0
configure:2967: gcc -E  conftest.c
configure:2968:28: ac_nonexistent.h: No such file or directory
configure:2973: $? = 1
configure: failed program was:
| #line 2958 "configure"
| /* confdefs.h.  */
| 
| #define PACKAGE_NAME ""
| #define PACKAGE_TARNAME ""
| #define PACKAGE_VERSION ""
| #define PACKAGE_STRING ""
| #define PACKAGE_BUGREPORT ""
| #define PACKAGE "fceu"
| #define VERSION "0.98.26"
| /* end confdefs.h.  */
| #include <ac_nonexistent.h>
configure:3016: checking whether gcc and cc understand -c and -o together
configure:3047: gcc -c conftest.c -o conftest.o >&5
configure:3050: $? = 0
configure:3052: gcc -c conftest.c -o conftest.o >&5
configure:3055: $? = 0
configure:3062: cc -c conftest.c >&5
./configure: cc: command not found
configure:3065: $? = 127
configure:3094: result: yes
configure:3171: checking for g++
configure:3187: found /mingw/bin/g++
configure:3197: result: g++
configure:3213: checking for C++ compiler version
configure:3216: g++ --version </dev/null >&5
g++.exe (GCC) 3.4.5 (mingw special)
Copyright (C) 2004 Free Software Foundation, Inc.
This is free software; see the source for copying conditions.  There is NO
warranty; not even for MERCHANTABILITY or FITNESS FOR A PARTICULAR PURPOSE.

configure:3219: $? = 0
configure:3221: g++ -v </dev/null >&5
Reading specs from C:/MinGW/bin/../lib/gcc/mingw32/3.4.5/specs
Configured with: ../gcc-3.4.5/configure --with-gcc --with-gnu-ld --with-gnu-as --host=mingw32 --target=mingw32 --prefix=/mingw --enable-threads --disable-nls --enable-languages=c,c++,f77,ada,objc,java --disable-win32-registry --disable-shared --enable-sjlj-exceptions --enable-libgcj --disable-java-awt --without-x --enable-java-gc=boehm --disable-libgcj-debug --enable-interpreter --enable-hash-synchronization --enable-libstdcxx-debug
Thread model: win32
gcc version 3.4.5 (mingw special)
configure:3224: $? = 0
configure:3226: g++ -V </dev/null >&5
g++.exe: `-V' option must have argument
configure:3229: $? = 1
configure:3232: checking whether we are using the GNU C++ compiler
configure:3257: g++ -c   conftest.cc >&5
configure:3260: $? = 0
configure:3263: test -s conftest.o
configure:3266: $? = 0
configure:3279: result: yes
configure:3285: checking whether g++ accepts -g
configure:3307: g++ -c -g  conftest.cc >&5
configure:3310: $? = 0
configure:3313: test -s conftest.o
configure:3316: $? = 0
configure:3327: result: yes
configure:3371: g++ -c -g -O2  conftest.cc >&5
configure:3374: $? = 0
configure:3377: test -s conftest.o
configure:3380: $? = 0
configure:3407: g++ -c -g -O2  conftest.cc >&5
configure: In function `int main()':
configure:3404: error: `exit' was not declared in this scope
configure:3410: $? = 1
configure: failed program was:
| #line 3390 "configure"
| /* confdefs.h.  */
| 
| #define PACKAGE_NAME ""
| #define PACKAGE_TARNAME ""
| #define PACKAGE_VERSION ""
| #define PACKAGE_STRING ""
| #define PACKAGE_BUGREPORT ""
| #define PACKAGE "fceu"
| #define VERSION "0.98.26"
| /* end confdefs.h.  */
| 
| int
| main ()
| {
| exit (42);
|   ;
|   return 0;
| }
configure:3371: g++ -c -g -O2  conftest.cc >&5
configure:3374: $? = 0
configure:3377: test -s conftest.o
configure:3380: $? = 0
configure:3407: g++ -c -g -O2  conftest.cc >&5
configure:3410: $? = 0
configure:3413: test -s conftest.o
configure:3416: $? = 0
configure:3441: checking dependency style of g++
configure:3503: result: gcc3
configure:3525: checking how to run the C++ preprocessor
configure:3551: g++ -E  conftest.cc
configure:3557: $? = 0
configure:3589: g++ -E  conftest.cc
configure:3593:28: ac_nonexistent.h: No such file or directory
configure:3595: $? = 1
configure: failed program was:
| #line 3580 "configure"
| /* confdefs.h.  */
| 
| #define PACKAGE_NAME ""
| #define PACKAGE_TARNAME ""
| #define PACKAGE_VERSION ""
| #define PACKAGE_STRING ""
| #define PACKAGE_BUGREPORT ""
| #define PACKAGE "fceu"
| #define VERSION "0.98.26"
| #ifdef __cplusplus
| #include <stdlib.h>
| #endif
| /* end confdefs.h.  */
| #include <ac_nonexistent.h>
configure:3633: result: g++ -E
configure:3652: g++ -E  conftest.cc
configure:3658: $? = 0
configure:3690: g++ -E  conftest.cc
configure:3694:28: ac_nonexistent.h: No such file or directory
configure:3696: $? = 1
configure: failed program was:
| #line 3681 "configure"
| /* confdefs.h.  */
| 
| #define PACKAGE_NAME ""
| #define PACKAGE_TARNAME ""
| #define PACKAGE_VERSION ""
| #define PACKAGE_STRING ""
| #define PACKAGE_BUGREPORT ""
| #define PACKAGE "fceu"
| #define VERSION "0.98.26"
| #ifdef __cplusplus
| #include <stdlib.h>
| #endif
| /* end confdefs.h.  */
| #include <ac_nonexistent.h>
configure:3750: checking for a BSD-compatible install
configure:3804: result: /bin/install -c
configure:3821: checking for asprintf
configure:3865: gcc -o conftest.exe -g -O2   conftest.c  >&5
C:/DOCUME~1/Admin/LOCALS~1/Temp/ccmEaaaa.o: In function `main':
C:/msys/1.0/home/Admin/fceu-0.98.26/configure:3865: undefined reference to `asprintf'
collect2: ld returned 1 exit status
configure:3868: $? = 1
configure: failed program was:
| #line 3826 "configure"
| /* confdefs.h.  */
| 
| #define PACKAGE_NAME ""
| #define PACKAGE_TARNAME ""
| #define PACKAGE_VERSION ""
| #define PACKAGE_STRING ""
| #define PACKAGE_BUGREPORT ""
| #define PACKAGE "fceu"
| #define VERSION "0.98.26"
| #ifdef __cplusplus
| #include <stdlib.h>
| #endif
| #define _GNU_SOURCE 1
| /* end confdefs.h.  */
| /* System header to define __stub macros and hopefully few prototypes,
|     which can conflict with char asprintf (); below.  */
| #include <assert.h>
| /* Override any gcc2 internal prototype to avoid an error.  */
| #ifdef __cplusplus
| extern "C"
| {
| #endif
| /* We use char because int might match the return type of a gcc2
|    builtin and then its argument prototype would still apply.  */
| char asprintf ();
| /* The GNU C library defines this for functions which it implements
|     to always fail with ENOSYS.  Some functions are actually named
|     something starting with __ and the normal name is an alias.  */
| #if defined (__stub_asprintf) || defined (__stub___asprintf)
| choke me
| #else
| char (*f) () = asprintf;
| #endif
| #ifdef __cplusplus
| }
| #endif
| 
| int
| main ()
| {
| 
|   ;
|   return 0;
| }
configure:3885: result: no
configure:3896: checking for zlibVersion in -lz
configure:3927: gcc -o conftest.exe -g -O2   conftest.c -lz   >&5
configure:3930: $? = 0
configure:3933: test -s conftest.exe
configure:3936: $? = 0
configure:3948: result: yes
configure:5119: checking whether byte ordering is bigendian
configure:5147: gcc -c -g -O2  conftest.c >&5
configure:5150: $? = 0
configure:5153: test -s conftest.o
configure:5156: $? = 0
configure:5181: gcc -c -g -O2  conftest.c >&5
configure: In function `main':
configure:5185: error: `not' undeclared (first use in this function)
configure:5185: error: (Each undeclared identifier is reported only once
configure:5185: error: for each function it appears in.)
configure:5185: error: syntax error before "big"
configure:5184: $? = 1
configure: failed program was:
| #line 5159 "configure"
| /* confdefs.h.  */
| 
| #define PACKAGE_NAME ""
| #define PACKAGE_TARNAME ""
| #define PACKAGE_VERSION ""
| #define PACKAGE_STRING ""
| #define PACKAGE_BUGREPORT ""
| #define PACKAGE "fceu"
| #define VERSION "0.98.26"
| #ifdef __cplusplus
| #include <stdlib.h>
| #endif
| #define _GNU_SOURCE 1
| #define HAVE_LIBZ 1
| #define NETWORK 1
| #define PSS_STYLE 2
| #define WIN32 1
| #define C80x86 1
| /* end confdefs.h.  */
| #include <sys/types.h>
| #include <sys/param.h>
| 
| int
| main ()
| {
| #if BYTE_ORDER != BIG_ENDIAN
|  not big endian
| #endif
| 
|   ;
|   return 0;
| }
configure:5304: result: no
configure:5579: creating ./config.status

## ---------------------- ##
## Running config.status. ##
## ---------------------- ##

This file was extended by config.status, which was
generated by GNU Autoconf 2.56.  Invocation command line was

  CONFIG_FILES    = 
  CONFIG_HEADERS  = 
  CONFIG_LINKS    = 
  CONFIG_COMMANDS = 
  $ ./config.status 

on maximus-vbox

config.status:678: creating Makefile
config.status:678: creating src/Makefile
config.status:803: executing depfiles commands

## ---------------- ##
## Cache variables. ##
## ---------------- ##

ac_cv_build=i686-pc-mingw32
ac_cv_build_alias=i686-pc-mingw32
ac_cv_c_bigendian=no
ac_cv_c_compiler_gnu=yes
ac_cv_cxx_compiler_gnu=yes
ac_cv_env_CC_set=
ac_cv_env_CC_value=
ac_cv_env_CFLAGS_set=
ac_cv_env_CFLAGS_value=
ac_cv_env_CPPFLAGS_set=
ac_cv_env_CPPFLAGS_value=
ac_cv_env_CPP_set=
ac_cv_env_CPP_value=
ac_cv_env_CXXCPP_set=
ac_cv_env_CXXCPP_value=
ac_cv_env_CXXFLAGS_set=
ac_cv_env_CXXFLAGS_value=
ac_cv_env_CXX_set=
ac_cv_env_CXX_value=
ac_cv_env_LDFLAGS_set=
ac_cv_env_LDFLAGS_value=
ac_cv_env_build_alias_set=
ac_cv_env_build_alias_value=
ac_cv_env_host_alias_set=
ac_cv_env_host_alias_value=
ac_cv_env_target_alias_set=
ac_cv_env_target_alias_value=
ac_cv_exeext=.exe
ac_cv_func_asprintf=no
ac_cv_host=i686-pc-mingw32
ac_cv_host_alias=i686-pc-mingw32
ac_cv_lib_z_zlibVersion=yes
ac_cv_objext=o
ac_cv_path_install='/bin/install -c'
ac_cv_prog_AWK=gawk
ac_cv_prog_CPP='gcc -E'
ac_cv_prog_CXXCPP='g++ -E'
ac_cv_prog_ac_ct_CC=gcc
ac_cv_prog_ac_ct_CXX=g++
ac_cv_prog_cc_g=yes
ac_cv_prog_cc_gcc_c_o=yes
ac_cv_prog_cc_stdc=
ac_cv_prog_cxx_g=yes
ac_cv_prog_make_make_set=yes
ac_cv_target=i686-pc-mingw32
ac_cv_target_alias=i686-pc-mingw32
am_cv_CC_dependencies_compiler_type=gcc3
am_cv_CXX_dependencies_compiler_type=gcc3

## ----------------- ##
## Output variables. ##
## ----------------- ##

ACLOCAL='${SHELL} /home/Admin/fceu-0.98.26/missing --run aclocal-1.7'
AMDEPBACKSLASH='\'
AMDEP_FALSE='#'
AMDEP_TRUE=''
AMTAR='${SHELL} /home/Admin/fceu-0.98.26/missing --run tar'
AUTOCONF='${SHELL} /home/Admin/fceu-0.98.26/missing --run autoconf'
AUTOHEADER='${SHELL} /home/Admin/fceu-0.98.26/missing --run autoheader'
AUTOMAKE='${SHELL} /home/Admin/fceu-0.98.26/missing --run automake-1.7'
AWK='gawk'
CC='gcc'
CCDEPMODE='depmode=gcc3'
CFLAGS='-g -O2'
CPP='gcc -E'
CPPFLAGS=''
CXX='g++'
CXXCPP='g++ -E'
CXXDEPMODE='depmode=gcc3'
CXXFLAGS='-g -O2'
CYGPATH_W='echo'
DEFS='-DPACKAGE_NAME=\"\" -DPACKAGE_TARNAME=\"\" -DPACKAGE_VERSION=\"\" -DPACKAGE_STRING=\"\" -DPACKAGE_BUGREPORT=\"\" -DPACKAGE=\"fceu\" -DVERSION=\"0.98.26\" -D_GNU_SOURCE=1 -DHAVE_LIBZ=1 -DNETWORK=1 -DPSS_STYLE=2 -DWIN32=1 -DC80x86=1 -DLSB_FIRST=1 -DFCEU_VERSION=\"0.98.26\" -DFCEU_VERSION_NUMERIC=9826 -DFRAMESKIP=1 '
DEPDIR='.deps'
ECHO_C=''
ECHO_N='-n'
ECHO_T=''
EGREP=''
EXEEXT='.exe'
HAVE_GTK_FALSE=''
HAVE_GTK_TRUE='#'
INSTALL_DATA='${INSTALL} -m 644'
INSTALL_PROGRAM='${INSTALL}'
INSTALL_SCRIPT='${INSTALL}'
INSTALL_STRIP_PROGRAM='${SHELL} $(install_sh) -c -s'
LDFLAGS=''
LIBOBJS=''
LIBS='-lz  -lz -mwindows -lddraw -ldinput -ldsound -lgdi32 -ldxguid -lwinmm -lshell32 -lwsock32 -lcomdlg32 -lole32 -lvfw32 -lavifil32 -lmsacm32 -lcomctl32'
LTLIBOBJS=''
MAKEINFO='${SHELL} /home/Admin/fceu-0.98.26/missing --run makeinfo'
NATIVEWIN32_FALSE='#'
NATIVEWIN32_TRUE=''
OBJEXT='o'
OPENGL_FALSE=''
OPENGL_TRUE='#'
PACKAGE='fceu'
PACKAGE_BUGREPORT=''
PACKAGE_NAME=''
PACKAGE_STRING=''
PACKAGE_TARNAME=''
PACKAGE_VERSION=''
PATH_SEPARATOR=':'
SDL_CFLAGS=''
SDL_CONFIG=''
SDL_LIBS=''
SET_MAKE=''
SHELL='/bin/sh'
STRIP=''
UNIX_FALSE=''
UNIX_TRUE='#'
USE_SEXYAL_FALSE=''
USE_SEXYAL_TRUE='#'
VERSION='0.98.26'
WIN32_FALSE='#'
WIN32_TRUE=''
ac_ct_CC='gcc'
ac_ct_CXX='g++'
ac_ct_STRIP=''
am__fastdepCC_FALSE='#'
am__fastdepCC_TRUE=''
am__fastdepCXX_FALSE='#'
am__fastdepCXX_TRUE=''
am__include='include'
am__quote=''
bindir='${exec_prefix}/bin'
build='i686-pc-mingw32'
build_alias=''
build_cpu='i686'
build_os='mingw32'
build_vendor='pc'
datadir='${prefix}/share'
exec_prefix='${prefix}'
host='i686-pc-mingw32'
host_alias=''
host_cpu='i686'
host_os='mingw32'
host_vendor='pc'
includedir='${prefix}/include'
infodir='${prefix}/info'
install_sh='/home/Admin/fceu-0.98.26/install-sh'
libdir='${exec_prefix}/lib'
libexecdir='${exec_prefix}/libexec'
localstatedir='${prefix}/var'
mandir='${prefix}/man'
oldincludedir='/usr/include'
prefix='/usr/local'
program_transform_name='s,x,x,'
sbindir='${exec_prefix}/sbin'
sharedstatedir='${prefix}/com'
sysconfdir='${prefix}/etc'
target='i686-pc-mingw32'
target_alias=''
target_cpu='i686'
target_os='mingw32'
target_vendor='pc'

## ----------- ##
## confdefs.h. ##
## ----------- ##

#define C80x86 1
#define FCEU_VERSION "0.98.26"
#define FCEU_VERSION_NUMERIC 9826
#define FRAMESKIP 1
#define HAVE_LIBZ 1
#define LSB_FIRST 1
#define NETWORK 1
#define PACKAGE "fceu"
#define PACKAGE_BUGREPORT ""
#define PACKAGE_NAME ""
#define PACKAGE_STRING ""
#define PACKAGE_TARNAME ""
#define PACKAGE_VERSION ""
#define PSS_STYLE 2
#define VERSION "0.98.26"
#define WIN32 1
#define _GNU_SOURCE 1
#endif
#ifdef __cplusplus
#include <stdlib.h>

configure: exit 0
